-encoding
UTF-8
-outxml
-source
6
-target
6
-classpath
/home/kamil/.m2/repository/antlr/antlr/2.7.6/antlr-2.7.6.jar:/home/kamil/.m2/repository/aopalliance/aopalliance/1.0/aopalliance-1.0.jar:/home/kamil/.m2/repository/cglib/cglib-nodep/2.2.2/cglib-nodep-2.2.2.jar:/home/kamil/.m2/repository/com/google/gwt/gwt-servlet/2.5.0/gwt-servlet-2.5.0.jar:/home/kamil/.m2/repository/com/google/gwt/gwt-user/2.5.0/gwt-user-2.5.0.jar:/home/kamil/.m2/repository/com/google/gwt/inject/gin/1.5.0/gin-1.5.0.jar:/home/kamil/.m2/repository/com/google/inject/guice/3.0-rc2/guice-3.0-rc2.jar:/home/kamil/.m2/repository/com/google/inject/extensions/guice-assistedinject/3.0-rc2/guice-assistedinject-3.0-rc2.jar:/home/kamil/.m2/repository/commons-beanutils/commons-beanutils/1.8.3/commons-beanutils-1.8.3.jar:/home/kamil/.m2/repository/commons-codec/commons-codec/1.5/commons-codec-1.5.jar:/home/kamil/.m2/repository/commons-collections/commons-collections/3.2.1/commons-collections-3.2.1.jar:/home/kamil/.m2/repository/commons-dbcp/commons-dbcp/1.3/commons-dbcp-1.3.jar:/home/kamil/.m2/repository/commons-digester/commons-digester/2.1/commons-digester-2.1.jar:/home/kamil/.m2/repository/commons-fileupload/commons-fileupload/1.2.2/commons-fileupload-1.2.2.jar:/home/kamil/.m2/repository/commons-io/commons-io/2.1/commons-io-2.1.jar:/home/kamil/.m2/repository/commons-pool/commons-pool/1.5.6/commons-pool-1.5.6.jar:/home/kamil/.m2/repository/dom4j/dom4j/1.6.1/dom4j-1.6.1.jar:/home/kamil/.m2/repository/javassist/javassist/3.12.0.GA/javassist-3.12.0.GA.jar:/home/kamil/.m2/repository/javax/el/el-api/2.2/el-api-2.2.jar:/home/kamil/.m2/repository/javax/inject/javax.inject/1/javax.inject-1.jar:/home/kamil/.m2/repository/javax/servlet/servlet-api/2.5/servlet-api-2.5.jar:/home/kamil/.m2/repository/javax/servlet/jsp/jsp-api/2.1/jsp-api-2.1.jar:/home/kamil/.m2/repository/javax/servlet/jsp/jstl/jstl-api/1.2/jstl-api-1.2.jar:/home/kamil/.m2/repository/javax/transaction/jta/1.1/jta-1.1.jar:/home/kamil/.m2/repository/javax/validation/validation-api/1.0.0.GA/validation-api-1.0.0.GA-sources.jar:/home/kamil/.m2/repository/javax/validation/validation-api/1.0.0.GA/validation-api-1.0.0.GA.jar:/home/kamil/.m2/repository/joda-time/joda-time/1.6/joda-time-1.6.jar:/home/kamil/.m2/repository/junit/junit/4.10/junit-4.10.jar:/home/kamil/.m2/repository/log4j/log4j/1.2.16/log4j-1.2.16.jar:/home/kamil/.m2/repository/net/sf/flexjson/flexjson/2.1/flexjson-2.1.jar:/home/kamil/.m2/repository/org/apache/commons/commons-lang3/3.1/commons-lang3-3.1.jar:/home/kamil/.m2/repository/org/apache/tiles/tiles-api/2.2.2/tiles-api-2.2.2.jar:/home/kamil/.m2/repository/org/apache/tiles/tiles-core/2.2.2/tiles-core-2.2.2.jar:/home/kamil/.m2/repository/org/apache/tiles/tiles-jsp/2.2.2/tiles-jsp-2.2.2.jar:/home/kamil/.m2/repository/org/apache/tiles/tiles-servlet/2.2.2/tiles-servlet-2.2.2.jar:/home/kamil/.m2/repository/org/apache/tiles/tiles-template/2.2.2/tiles-template-2.2.2.jar:/home/kamil/.m2/repository/org/aspectj/aspectjrt/1.7.0.RC1/aspectjrt-1.7.0.RC1.jar:/home/kamil/.m2/repository/org/aspectj/aspectjweaver/1.7.0.RC1/aspectjweaver-1.7.0.RC1.jar:/home/kamil/.m2/repository/org/glassfish/web/jstl-impl/1.2/jstl-impl-1.2.jar:/home/kamil/.m2/repository/org/hibernate/hibernate-commons-annotations/3.2.0.Final/hibernate-commons-annotations-3.2.0.Final.jar:/home/kamil/.m2/repository/org/hibernate/hibernate-core/3.6.9.Final/hibernate-core-3.6.9.Final.jar:/home/kamil/.m2/repository/org/hibernate/hibernate-entitymanager/3.6.9.Final/hibernate-entitymanager-3.6.9.Final.jar:/home/kamil/.m2/repository/org/hibernate/hibernate-validator/4.2.0.Final/hibernate-validator-4.2.0.Final.jar:/home/kamil/.m2/repository/org/hibernate/javax/persistence/hibernate-jpa-2.0-api/1.0.1.Final/hibernate-jpa-2.0-api-1.0.1.Final.jar:/home/kamil/.m2/repository/org/hsqldb/hsqldb/1.8.0.10/hsqldb-1.8.0.10.jar:/home/kamil/.m2/repository/org/json/json/20090211/json-20090211.jar:/home/kamil/.m2/repository/org/slf4j/jcl-over-slf4j/1.6.4/jcl-over-slf4j-1.6.4.jar:/home/kamil/.m2/repository/org/slf4j/slf4j-api/1.6.4/slf4j-api-1.6.4.jar:/home/kamil/.m2/repository/org/slf4j/slf4j-log4j12/1.6.4/slf4j-log4j12-1.6.4.jar:/home/kamil/.m2/repository/org/springframework/spring-aop/3.1.1.RELEASE/spring-aop-3.1.1.RELEASE.jar:/home/kamil/.m2/repository/org/springframework/spring-asm/3.1.1.RELEASE/spring-asm-3.1.1.RELEASE.jar:/home/kamil/.m2/repository/org/springframework/spring-aspects/3.1.1.RELEASE/spring-aspects-3.1.1.RELEASE.jar:/home/kamil/.m2/repository/org/springframework/spring-beans/3.1.1.RELEASE/spring-beans-3.1.1.RELEASE.jar:/home/kamil/.m2/repository/org/springframework/spring-context/3.1.1.RELEASE/spring-context-3.1.1.RELEASE.jar:/home/kamil/.m2/repository/org/springframework/spring-context-support/3.1.1.RELEASE/spring-context-support-3.1.1.RELEASE.jar:/home/kamil/.m2/repository/org/springframework/spring-core/3.1.1.RELEASE/spring-core-3.1.1.RELEASE.jar:/home/kamil/.m2/repository/org/springframework/spring-expression/3.1.1.RELEASE/spring-expression-3.1.1.RELEASE.jar:/home/kamil/.m2/repository/org/springframework/spring-jdbc/3.1.1.RELEASE/spring-jdbc-3.1.1.RELEASE.jar:/home/kamil/.m2/repository/org/springframework/spring-orm/3.1.1.RELEASE/spring-orm-3.1.1.RELEASE.jar:/home/kamil/.m2/repository/org/springframework/spring-test/3.1.1.RELEASE/spring-test-3.1.1.RELEASE.jar:/home/kamil/.m2/repository/org/springframework/spring-tx/3.1.1.RELEASE/spring-tx-3.1.1.RELEASE.jar:/home/kamil/.m2/repository/org/springframework/spring-web/3.1.1.RELEASE/spring-web-3.1.1.RELEASE.jar:/home/kamil/.m2/repository/org/springframework/spring-webmvc/3.1.1.RELEASE/spring-webmvc-3.1.1.RELEASE.jar:/home/kamil/.m2/repository/org/springframework/roo/org.springframework.roo.annotations/1.2.3.RELEASE/org.springframework.roo.annotations-1.2.3.RELEASE.jar:/home/kamil/.m2/repository/org/springframework/webflow/spring-js-resources/2.2.1.RELEASE/spring-js-resources-2.2.1.RELEASE.jar:/home/kamil/.m2/repository/xalan/serializer/2.7.1/serializer-2.7.1.jar:/home/kamil/.m2/repository/xalan/xalan/2.7.1/xalan-2.7.1.jar:/home/kamil/.m2/repository/xml-apis/xml-apis/1.3.04/xml-apis-1.3.04.jar:/home/kamil/git/example-crm-spring-roo/target/example-crm-0.1.0.BUILD-SNAPSHOT/WEB-INF/classes
-aspectpath
/home/kamil/.m2/repository/org/springframework/spring-aspects/3.1.1.RELEASE/spring-aspects-3.1.1.RELEASE.jar
-d
/home/kamil/git/example-crm-spring-roo/target/example-crm-0.1.0.BUILD-SNAPSHOT/WEB-INF/classes
/home/kamil/git/example-crm-spring-roo/src/main/java/com/solution4future/models/Offer_Roo_JavaBean.aj
/home/kamil/git/example-crm-spring-roo/src/main/java/com/solution4future/models/CustomerAction_Roo_ToString.aj
/home/kamil/git/example-crm-spring-roo/src/main/java/com/solution4future/controllers/ApplicationConversionServiceFactoryBean_Roo_ConversionService.aj
/home/kamil/git/example-crm-spring-roo/src/main/java/com/solution4future/controllers/OfferController.java
/home/kamil/git/example-crm-spring-roo/src/main/java/com/solution4future/models/CustomerAction_Roo_Jpa_Entity.aj
/home/kamil/git/example-crm-spring-roo/src/main/java/com/solution4future/models/Organization_Roo_JavaBean.aj
/home/kamil/git/example-crm-spring-roo/src/main/java/com/solution4future/controllers/OfferController_Roo_Controller.aj
/home/kamil/git/example-crm-spring-roo/src/main/java/com/solution4future/models/Customer_Roo_ToString.aj
/home/kamil/git/example-crm-spring-roo/src/main/java/com/solution4future/models/Organization_Roo_Jpa_Entity.aj
/home/kamil/git/example-crm-spring-roo/src/main/java/com/solution4future/models/Customer_Roo_Jpa_ActiveRecord.aj
/home/kamil/git/example-crm-spring-roo/src/main/java/com/solution4future/models/Offer_Roo_Configurable.aj
/home/kamil/git/example-crm-spring-roo/src/main/java/com/solution4future/models/Customer_Roo_JavaBean.aj
/home/kamil/git/example-crm-spring-roo/src/main/java/com/solution4future/models/Organization_Roo_Configurable.aj
/home/kamil/git/example-crm-spring-roo/src/main/java/com/solution4future/models/Organization_Roo_ToString.aj
/home/kamil/git/example-crm-spring-roo/src/main/java/com/solution4future/models/CustomerAction_Roo_Jpa_ActiveRecord.aj
/home/kamil/git/example-crm-spring-roo/src/main/java/com/solution4future/models/Offer_Roo_ToString.aj
/home/kamil/git/example-crm-spring-roo/src/main/java/com/solution4future/controllers/CustomerActionController_Roo_Controller.aj
/home/kamil/git/example-crm-spring-roo/src/main/java/com/solution4future/models/Organization_Roo_Jpa_ActiveRecord.aj
/home/kamil/git/example-crm-spring-roo/src/main/java/com/solution4future/controllers/CustomerActionController.java
/home/kamil/git/example-crm-spring-roo/src/main/java/com/solution4future/models/Customer_Roo_Configurable.aj
/home/kamil/git/example-crm-spring-roo/src/main/java/com/solution4future/enums/Status.java
/home/kamil/git/example-crm-spring-roo/src/main/java/com/solution4future/enums/ActionType.java
/home/kamil/git/example-crm-spring-roo/src/main/java/com/solution4future/client/AppEntryPoint.java
/home/kamil/git/example-crm-spring-roo/src/main/java/com/solution4future/models/Customer_Roo_Jpa_Entity.aj
/home/kamil/git/example-crm-spring-roo/src/main/java/com/solution4future/models/CustomerAction.java
/home/kamil/git/example-crm-spring-roo/src/main/java/com/solution4future/controllers/CustomerController.java
/home/kamil/git/example-crm-spring-roo/src/main/java/com/solution4future/models/Offer.java
/home/kamil/git/example-crm-spring-roo/src/main/java/com/solution4future/models/Organization.java
/home/kamil/git/example-crm-spring-roo/src/main/java/com/solution4future/controllers/CustomerController_Roo_Controller.aj
/home/kamil/git/example-crm-spring-roo/src/main/java/com/solution4future/controllers/ApplicationConversionServiceFactoryBean.java
/home/kamil/git/example-crm-spring-roo/src/main/java/com/solution4future/models/Offer_Roo_Jpa_Entity.aj
/home/kamil/git/example-crm-spring-roo/src/main/java/com/solution4future/models/Offer_Roo_Jpa_ActiveRecord.aj
/home/kamil/git/example-crm-spring-roo/src/main/java/com/solution4future/models/CustomerAction_Roo_Configurable.aj
/home/kamil/git/example-crm-spring-roo/src/main/java/com/solution4future/controllers/OrganizationController.java
/home/kamil/git/example-crm-spring-roo/src/main/java/com/solution4future/models/CustomerAction_Roo_JavaBean.aj
/home/kamil/git/example-crm-spring-roo/src/main/java/com/solution4future/models/Customer.java
/home/kamil/git/example-crm-spring-roo/src/main/java/com/solution4future/controllers/OrganizationController_Roo_Controller.aj
